<?xml version="1.0" encoding="UTF-8" ?>
<testsuite errors="0" failures="0" hostname="Samsung" name="medrecappz.Services.F_StafGuiServiceTest" skipped="0" tests="5" time="8.034" timestamp="2014-06-18T05:58:10">
  <properties>
    <property name="default.javac.source" value="1.4" />
    <property name="file.encoding.pkg" value="sun.io" />
    <property name="ant.file.MedRecApp-impl" value="F:\TA\produk\auto-CI\nbproject\build-impl.xml" />
    <property name="javac.source" value="1.5" />
    <property name="java.home" value="c:\Program Files (x86)\Java\jdk1.7.0_13\jre" />
    <property name="do.archive+manifest.available+main.class" value="true" />
    <property name="test.src.dir" value="test" />
    <property name="javadoc.version" value="false" />
    <property name="libs.CopyLibs.classpath" value="F:/TA/produk/auto-CI/lib/CopyLibs/org-netbeans-modules-java-j2seproject-copylibstask.jar" />
    <property name="ant.file.MedRecAppZ" value="F:\TA\produk\auto-CI\build.xml" />
    <property name="libraries.path" value="F:\TA\produk\auto-CI\lib\nblibraries.properties" />
    <property name="java.endorsed.dirs" value="c:\Program Files (x86)\Java\jdk1.7.0_13\jre\lib\endorsed" />
    <property name="libs.MySQLDriver.classpath" value="F:/TA/produk/auto-CI/lib/MySQLDriver/mysql-connector-java-5.1.6-bin.jar" />
    <property name="src.dir" value="src" />
    <property name="debug-args-line" value="-Xdebug" />
    <property name="build.sysclasspath" value="ignore" />
    <property name="have.sources" value="true" />
    <property name="includes" value="**" />
    <property name="javac.fork" value="false" />
    <property name="source.encoding" value="UTF-8" />
    <property name="sun.os.patch.level" value="" />
    <property name="java.vendor.url" value="http://java.oracle.com/" />
    <property name="java.version" value="1.7.0_13" />
    <property name="javac.debug" value="true" />
    <property name="run.classpath" value="F:/TA/produk/auto-CI/lib/MySQLDriver/mysql-connector-java-5.1.6-bin.jar:build/classes" />
    <property name="java.vendor.url.bug" value="http://bugreport.sun.com/bugreport/" />
    <property name="ant.project.invoked-targets" value="default" />
    <property name="annotation.processing.run.all.processors" value="true" />
    <property name="manifest.file" value="manifest.mf" />
    <property name="mysqladmin" value="C:\xampp\mysql\bin\mysqladmin.exe" />
    <property name="user.name" value="Hernawati Susanti S" />
    <property name="manifest.available+main.class+mkdist.available" value="true" />
    <property name="empty.dir" value="F:\TA\produk\auto-CI\build\empty" />
    <property name="sun.io.unicode.encoding" value="UnicodeLittle" />
    <property name="sql.pass" value="" />
    <property name="sun.jnu.encoding" value="Cp1252" />
    <property name="java.runtime.name" value="Java(TM) SE Runtime Environment" />
    <property name="main.class.available" value="true" />
    <property name="java.specification.name" value="Java Platform API Specification" />
    <property name="javadoc.author" value="false" />
    <property name="user.timezone" value="" />
    <property name="manifest.available" value="true" />
    <property name="libs.junit.javadoc" value="F:/TA/produk/auto-CI/lib/junit/junit-3.8.2-api.zip" />
    <property name="user.script" value="" />
    <property name="path.separator" value=";" />
    <property name="version-output" value="java version &quot;1.7" />
    <property name="sql.user" value="root" />
    <property name="file.reference.junit-4.11.jar" value="lib\junit-4.11.jar" />
    <property name="file.encoding" value="Cp1252" />
    <property name="dist.javadoc.dir" value="dist/javadoc" />
    <property name="ant.project.default-target" value="default" />
    <property name="sun.java.command" value="org.apache.tools.ant.taskdefs.optional.junit.JUnitTestRunner medrecappz.Services.F_StafGuiServiceTest filtertrace=true haltOnError=false haltOnFailure=true formatter=org.apache.tools.ant.taskdefs.optional.junit.SummaryJUnitResultFormatter showoutput=true outputtoformatters=true logfailedtests=true logtestlistenerevents=false formatter=org.apache.tools.ant.taskdefs.optional.junit.BriefJUnitResultFormatter formatter=org.apache.tools.ant.taskdefs.optional.junit.XMLJUnitResultFormatter,F:\TA\produk\auto-CI\build\test\results\TEST-medrecappz.Services.F_StafGuiServiceTest.xml crashfile=F:\TA\produk\auto-CI\build\junitvmwatcher6021541583888981102.properties propsfile=F:\TA\produk\auto-CI\build\junit8956629598051257194.properties" />
    <property name="built-jar.properties" value="F:\TA\produk\auto-CI\build\built-jar.properties" />
    <property name="ant.file" value="F:\TA\produk\auto-CI\build.xml" />
    <property name="file.reference.fest-assert-1.2.jar" value="lib\fest-swing-1.2\fest-assert-1.2.jar" />
    <property name="libs.junit_4.src" value="F:/TA/produk/auto-CI/lib/junit_4/junit-4.5-src.jar" />
    <property name="java.io.tmpdir" value="C:\Users\HERNAW~1\AppData\Local\Temp\" />
    <property name="build.test.results.dir" value="build/test/results" />
    <property name="user.language" value="en" />
    <property name="line.separator" value="&#xd;&#xa;" />
    <property name="javac.compilerargs" value="" />
    <property name="ant.file.type" value="file" />
    <property name="jar.compress" value="false" />
    <property name="debug-transport-by-os" value="dt_shmem" />
    <property name="java.vm.info" value="mixed mode, sharing" />
    <property name="javadoc.private" value="false" />
    <property name="annotation.processing.processors.list" value="" />
    <property name="sun.desktop" value="windows" />
    <property name="java.vm.specification.name" value="Java Virtual Machine Specification" />
    <property name="build.test.classes.dir" value="build/test/classes" />
    <property name="file.reference.fest-swing-1.2.jar" value="lib\fest-swing-1.2\fest-swing-1.2.jar" />
    <property name="manifest.available+main.class" value="true" />
    <property name="file.reference.fest-util-1.1.2.jar" value="lib\fest-swing-1.2\fest-util-1.1.2.jar" />
    <property name="platform.active" value="default_platform" />
    <property name="ap.cmd.line.internal" value="" />
    <property name="libs.junit_4.javadoc" value="F:/TA/produk/auto-CI/lib/junit_4/junit-4.5-api.zip" />
    <property name="do.mkdist" value="true" />
    <property name="javadoc.encoding" value="UTF-8" />
    <property name="java.awt.printerjob" value="sun.awt.windows.WPrinterJob" />
    <property name="do.archive" value="true" />
    <property name="dist.jar" value="dist/MedRecAppZ.jar" />
    <property name="meta.inf.dir" value="src/META-INF" />
    <property name="ant.version" value="Apache Ant(TM) version 1.9.2 compiled on July 8 2013" />
    <property name="javadoc.nonavbar" value="false" />
    <property name="user.properties.file" value="C:\Users\asus\.netbeans\6.9\build.properties" />
    <property name="annotation.processing.source.output" value="build/generated-sources/ap-source-output" />
    <property name="sql.driver" value="com.mysql.jdbc.Driver" />
    <property name="build.generated.dir" value="build/generated" />
    <property name="os.name" value="Windows 8" />
    <property name="java.specification.vendor" value="Oracle Corporation" />
    <property name="run.test.classpath" value="F:/TA/produk/auto-CI/lib/MySQLDriver/mysql-connector-java-5.1.6-bin.jar:build/classes:lib\junit-4.11.jar:F:/TA/produk/auto-CI/lib/junit_4/junit-4.5.jar:lib\fest-swing-1.2\fest-assert-1.2.jar:lib\fest-swing-1.2\fest-reflect-1.2.jar:lib\fest-swing-1.2\fest-swing-1.2.jar:lib\fest-swing-1.2\fest-util-1.1.2.jar:build/test/classes" />
    <property name="ant.file.type.MedRecAppZ" value="file" />
    <property name="java.vm.name" value="Java HotSpot(TM) Client VM" />
    <property name="libs.junit.classpath" value="F:/TA/produk/auto-CI/lib/junit/junit-3.8.2.jar" />
    <property name="java.library.path" value="c:\Program Files (x86)\Java\jdk1.7.0_13\jre\bin;C:\windows\Sun\Java\bin;C:\windows\system32;C:\windows;c:\Users\Hernawati Susanti S\bin;.;C:\Program Files (x86)\Git\local\bin;C:\Program Files (x86)\Git\mingw\bin;C:\Program Files (x86)\Git\bin;c:\windows\system32;c:\windows;c:\windows\System32\Wbem;c:\windows\System32\WindowsPowerShell\v1.0\;c:\Program Files (x86)\ATI Technologies\ATI.ACE\Core-Static;c:\Program Files\Samsung\AllShare Framework DMS\1.3.14\;c:\Program Files\Samsung\AllShare Framework DMS\1.3.14\64bit\;C:\Program Files (x86)\Git\cmd;C:\Program Files (x86)\Git\bin;f:\xampp\php;c:\Program Files\Java\jdk1.7.0_45\bin;f:\ant\bin;c:\Program Files\Java\jre7\bin;c:\Program Files\TortoiseGit\bin;f:\maven\bin;c:\Program Files (x86)\Java\jdk1.7.0_13\bin;c:\Program Files (x86)\Java\jre7\bin;.;." />
    <property name="do.archive+manifest.available+main.class+mkdist.available" value="true" />
    <property name="ant.java.version" value="1.7" />
    <property name="basedir" value="F:\TA\produk\auto-CI" />
    <property name="javadoc.noindex" value="false" />
    <property name="java.class.version" value="51.0" />
    <property name="javac.test.classpath" value="F:/TA/produk/auto-CI/lib/MySQLDriver/mysql-connector-java-5.1.6-bin.jar:build/classes:lib\junit-4.11.jar:F:/TA/produk/auto-CI/lib/junit_4/junit-4.5.jar:lib\fest-swing-1.2\fest-assert-1.2.jar:lib\fest-swing-1.2\fest-reflect-1.2.jar:lib\fest-swing-1.2\fest-swing-1.2.jar:lib\fest-swing-1.2\fest-util-1.1.2.jar" />
    <property name="javac.processorpath" value="F:/TA/produk/auto-CI/lib/MySQLDriver/mysql-connector-java-5.1.6-bin.jar" />
    <property name="ant.home" value="f:/ant" />
    <property name="javadoc.splitindex" value="true" />
    <property name="javac.test.processorpath" value="F:/TA/produk/auto-CI/lib/MySQLDriver/mysql-connector-java-5.1.6-bin.jar:build/classes:lib\junit-4.11.jar:F:/TA/produk/auto-CI/lib/junit_4/junit-4.5.jar:lib\fest-swing-1.2\fest-assert-1.2.jar:lib\fest-swing-1.2\fest-reflect-1.2.jar:lib\fest-swing-1.2\fest-swing-1.2.jar:lib\fest-swing-1.2\fest-util-1.1.2.jar" />
    <property name="javadoc.preview" value="true" />
    <property name="libs.junit_4.classpath" value="F:/TA/produk/auto-CI/lib/junit_4/junit-4.5.jar" />
    <property name="sun.boot.library.path" value="c:\Program Files (x86)\Java\jdk1.7.0_13\jre\bin" />
    <property name="build.dir" value="build" />
    <property name="sun.management.compiler" value="HotSpot Client Compiler" />
    <property name="java.awt.graphicsenv" value="sun.awt.Win32GraphicsEnvironment" />
    <property name="user.variant" value="" />
    <property name="javadoc.encoding.used" value="UTF-8" />
    <property name="libraries.dir.nativedirsep" value="F:\TA\produk\auto-CI\lib" />
    <property name="javadoc.windowtitle" value="" />
    <property name="annotation.processing.enabled" value="true" />
    <property name="build.generated.sources.dir" value="build/generated-sources" />
    <property name="run.jvmargs" value="" />
    <property name="ant.project.name" value="MedRecAppZ" />
    <property name="java.vm.specification.version" value="1.7" />
    <property name="work.dir" value="F:\TA\produk\auto-CI" />
    <property name="awt.toolkit" value="sun.awt.windows.WToolkit" />
    <property name="javadoc.use" value="true" />
    <property name="sun.cpu.isalist" value="" />
    <property name="java.ext.dirs" value="c:\Program Files (x86)\Java\jdk1.7.0_13\jre\lib\ext;C:\windows\Sun\Java\lib\ext" />
    <property name="os.version" value="6.2" />
    <property name="excludes" value="" />
    <property name="user.home" value="C:\Users\Hernawati Susanti S" />
    <property name="libraries.basename" value="nblibraries" />
    <property name="java.vm.vendor" value="Oracle Corporation" />
    <property name="user.dir" value="F:\TA\produk\auto-CI" />
    <property name="debug-transport" value="dt_shmem" />
    <property name="application.args" value="" />
    <property name="sun.cpu.endian" value="little" />
    <property name="compile.on.save" value="true" />
    <property name="mysql.dbname" value="medrec" />
    <property name="endorsed.classpath.cmd.line.arg" value="-Xbootclasspath/p:&apos;F:\TA\produk\auto-CI\${endorsed.classpath}&apos;" />
    <property name="jar.index" value="false" />
    <property name="java.vm.version" value="23.7-b01" />
    <property name="libraries.dir" value="F:/TA/produk/auto-CI/lib" />
    <property name="annotation.processing.processor.options" value="" />
    <property name="java.class.path" value="F:\TA\produk\auto-CI\lib\MySQLDriver\mysql-connector-java-5.1.6-bin.jar;F:\TA\produk\auto-CI\build\classes;F:\TA\produk\auto-CI\lib\junit-4.11.jar;F:\TA\produk\auto-CI\lib\junit_4\junit-4.5.jar;F:\TA\produk\auto-CI\lib\fest-swing-1.2\fest-assert-1.2.jar;F:\TA\produk\auto-CI\lib\fest-swing-1.2\fest-reflect-1.2.jar;F:\TA\produk\auto-CI\lib\fest-swing-1.2\fest-swing-1.2.jar;F:\TA\produk\auto-CI\lib\fest-swing-1.2\fest-util-1.1.2.jar;F:\TA\produk\auto-CI\build\test\classes;F:\ant\lib\ant-launcher.jar;f:\ant\lib\ant.jar;f:\ant\lib\ant-junit.jar;f:\ant\lib\ant-junit4.jar" />
    <property name="jdbc.jar" value="lib\MySQLDriver\mysql-connector-java-5.1.6-bin.jar" />
    <property name="ant.library.dir" value="f:/ant/lib" />
    <property name="os.arch" value="x86" />
    <property name="javac.deprecation" value="false" />
    <property name="build.classes.excludes" value="**/*.java,**/*.form" />
    <property name="dist.dir" value="dist" />
    <property name="debug.classpath" value="F:/TA/produk/auto-CI/lib/MySQLDriver/mysql-connector-java-5.1.6-bin.jar:build/classes" />
    <property name="sun.java.launcher" value="SUN_STANDARD" />
    <property name="annotation.processing.enabled.in.editor" value="false" />
    <property name="ant.core.lib" value="f:\ant\lib\ant.jar" />
    <property name="java.vm.specification.vendor" value="Oracle Corporation" />
    <property name="do.depend" value="false" />
    <property name="file.separator" value="\" />
    <property name="java.runtime.version" value="1.7.0_13-b20" />
    <property name="sun.boot.class.path" value="F:\TA\produk\auto-CI\${endorsed.classpath};c:\Program Files (x86)\Java\jdk1.7.0_13\jre\lib\resources.jar;c:\Program Files (x86)\Java\jdk1.7.0_13\jre\lib\rt.jar;c:\Program Files (x86)\Java\jdk1.7.0_13\jre\lib\sunrsasign.jar;c:\Program Files (x86)\Java\jdk1.7.0_13\jre\lib\jsse.jar;c:\Program Files (x86)\Java\jdk1.7.0_13\jre\lib\jce.jar;c:\Program Files (x86)\Java\jdk1.7.0_13\jre\lib\charsets.jar;c:\Program Files (x86)\Java\jdk1.7.0_13\jre\lib\jfr.jar;c:\Program Files (x86)\Java\jdk1.7.0_13\jre\classes" />
    <property name="debug.test.classpath" value="F:/TA/produk/auto-CI/lib/MySQLDriver/mysql-connector-java-5.1.6-bin.jar:build/classes:lib\junit-4.11.jar:F:/TA/produk/auto-CI/lib/junit_4/junit-4.5.jar:lib\fest-swing-1.2\fest-assert-1.2.jar:lib\fest-swing-1.2\fest-reflect-1.2.jar:lib\fest-swing-1.2\fest-swing-1.2.jar:lib\fest-swing-1.2\fest-util-1.1.2.jar:build/test/classes" />
    <property name="have.tests" value="true" />
    <property name="main.class" value="medrecappz.Main" />
    <property name="sql.url" value="jdbc:mysql://localhost:3306/medrec" />
    <property name="user.country" value="US" />
    <property name="javadoc.notree" value="false" />
    <property name="file.reference.fest-reflect-1.2.jar" value="lib\fest-swing-1.2\fest-reflect-1.2.jar" />
    <property name="ant.file.type.MedRecApp-impl" value="file" />
    <property name="default.javac.target" value="1.4" />
    <property name="javadoc.additionalparam" value="" />
    <property name="javac.classpath" value="F:/TA/produk/auto-CI/lib/MySQLDriver/mysql-connector-java-5.1.6-bin.jar" />
    <property name="build.classes.dir" value="build/classes" />
    <property name="do.archive+manifest.available" value="true" />
    <property name="java.vendor" value="Oracle Corporation" />
    <property name="javac.target" value="1.5" />
    <property name="runtime.encoding" value="UTF-8" />
    <property name="java.specification.version" value="1.7" />
    <property name="sun.arch.data.model" value="32" />
  </properties>
  <testcase classname="medrecappz.Services.F_StafGuiServiceTest" name="a_insertDataStafKosong" time="1.046" />
  <testcase classname="medrecappz.Services.F_StafGuiServiceTest" name="b_insertDataSpesialis" time="0.593" />
  <testcase classname="medrecappz.Services.F_StafGuiServiceTest" name="c_updateDataStafKosong" time="1.466" />
  <testcase classname="medrecappz.Services.F_StafGuiServiceTest" name="d_updateDataStaf" time="0.546" />
  <testcase classname="medrecappz.Services.F_StafGuiServiceTest" name="e_deleteDataStaf" time="0.78" />
  <system-out><![CDATA[1. InsertDataStafKosong
2. InsertDataStaf
3. UpdateDataStafKosong
4. UpdateDataStaf
5. DeleteDataStaf
]]></system-out>
  <system-err><![CDATA[]]></system-err>
</testsuite>
