<?xml version="1.0" encoding="UTF-8" ?>
<testsuite errors="0" failures="0" hostname="beeboypralienka" name="medrecappz.Services.A_SpesialisServiceTest" tests="14" time="0.486" timestamp="2014-05-21T01:47:17">
  <properties>
    <property name="default.javac.source" value="1.7" />
    <property name="file.encoding.pkg" value="sun.io" />
    <property name="ant.file.MedRecApp-impl" value="E:\6. Repository\auto-CI\nbproject\build-impl.xml" />
    <property name="libs.toplink.maven-pom" value="" />
    <property name="javac.source" value="1.5" />
    <property name="netbeans.system_http_proxy" value="DIRECT" />
    <property name="java.home" value="C:\Program Files\Java\jdk1.7.0_51\jre" />
    <property name="do.archive+manifest.available+main.class" value="true" />
    <property name="test.src.dir" value="test" />
    <property name="libs.jaxws21.src" value="" />
    <property name="javadoc.version" value="false" />
    <property name="libs.CopyLibs.classpath" value="E:/6. Repository/auto-CI/lib/CopyLibs/org-netbeans-modules-java-j2seproject-copylibstask.jar" />
    <property name="ant.file.MedRecAppZ" value="E:\6. Repository\auto-CI\build.xml" />
    <property name="libs.javac-api.src" value="" />
    <property name="libraries.path" value="E:\6. Repository\auto-CI\lib\nblibraries.properties" />
    <property name="java.endorsed.dirs" value="C:\Program Files\Java\jdk1.7.0_51\jre\lib\endorsed" />
    <property name="libs.MySQLDriver.classpath" value="E:/6. Repository/auto-CI/lib/MySQLDriver/mysql-connector-java-5.1.6-bin.jar" />
    <property name="libs.jaxb.javadoc" value="C:\Program Files\NetBeans 6.9.1\ide\docs\jaxb-api-doc.zip" />
    <property name="libs.junit.maven-pom" value="" />
    <property name="libs.PostgreSQLDriver.src" value="" />
    <property name="src.dir" value="src" />
    <property name="sun.java2d.noddraw" value="true" />
    <property name="debug-args-line" value="-Xdebug" />
    <property name="netbeans.hash.code" value="unique=NB_JAVA0c3a0eede-92be-48cb-a421-6e476034a47c_f24ee66d-19f6-4767-ba0b-82244f32413e" />
    <property name="build.sysclasspath" value="ignore" />
    <property name="have.sources" value="true" />
    <property name="includes" value="**" />
    <property name="javac.fork" value="false" />
    <property name="source.encoding" value="UTF-8" />
    <property name="libs.jaxws21.classpath" value="C:\Program Files\NetBeans 6.9.1\ide\modules\ext\jaxb\jaxb-impl.jar;C:\Program Files\NetBeans 6.9.1\ide\modules\ext\jaxb\jaxb-xjc.jar;C:\Program Files\NetBeans 6.9.1\java\modules\ext\jaxws22\FastInfoset.jar;C:\Program Files\NetBeans 6.9.1\java\modules\ext\jaxws22\gmbal-api-only.jar;C:\Program Files\NetBeans 6.9.1\java\modules\ext\jaxws22\http.jar;C:\Program Files\NetBeans 6.9.1\java\modules\ext\jaxws22\jaxws-rt.jar;C:\Program Files\NetBeans 6.9.1\java\modules\ext\jaxws22\jaxws-tools.jar;C:\Program Files\NetBeans 6.9.1\java\modules\ext\jaxws22\management-api.jar;C:\Program Files\NetBeans 6.9.1\java\modules\ext\jaxws22\mimepull.jar;C:\Program Files\NetBeans 6.9.1\java\modules\ext\jaxws22\policy.jar;C:\Program Files\NetBeans 6.9.1\java\modules\ext\jaxws22\saaj-impl.jar;C:\Program Files\NetBeans 6.9.1\java\modules\ext\jaxws22\stax-ex.jar;C:\Program Files\NetBeans 6.9.1\java\modules\ext\jaxws22\streambuffer.jar;C:\Program Files\NetBeans 6.9.1\java\modules\ext\jaxws22\woodstox.jar;C:\Program Files\NetBeans 6.9.1\java\modules\ext\jaxws22\api\jaxws-api.jar;C:\Program Files\NetBeans 6.9.1\java\modules\ext\jaxws22\api\jsr181-api.jar;C:\Program Files\NetBeans 6.9.1\java\modules\ext\jaxws22\api\jsr250-api.jar;C:\Program Files\NetBeans 6.9.1\java\modules\ext\jaxws22\api\saaj-api.jar;C:\Program Files\NetBeans 6.9.1\ide\modules\ext\jaxb\activation.jar;C:\Program Files\NetBeans 6.9.1\ide\modules\ext\jaxb\api\jaxb-api.jar;C:\Program Files\NetBeans 6.9.1\ide\modules\ext\jaxb\api\jsr173_api.jar" />
    <property name="libs.swing-app-framework.javadoc" value="C:\Program Files\NetBeans 6.9.1\java\docs\appframework-1.0.3-doc.zip" />
    <property name="sun.os.patch.level" value="" />
    <property name="libs.JasperReports.javadoc" value="" />
    <property name="java.vendor.url" value="http://java.oracle.com/" />
    <property name="java.version" value="1.7.0_51" />
    <property name="nb.show.statistics.ui" value="usageStatisticsEnabled" />
    <property name="javac.debug" value="true" />
    <property name="org.openide.major.version" value="IDE/1" />
    <property name="run.classpath" value="E:/6. Repository/auto-CI/lib/MySQLDriver/mysql-connector-java-5.1.6-bin.jar:build/classes" />
    <property name="libs.PostgreSQLDriver.maven-pom" value="" />
    <property name="java.vendor.url.bug" value="http://bugreport.sun.com/bugreport/" />
    <property name="netbeans.autoupdate.variant" value="" />
    <property name="libs.eclipselink.javadoc" value="" />
    <property name="libs.absolutelayout.javadoc" value="" />
    <property name="libs.junit_4.maven-pom" value="" />
    <property name="netbeans.buildnumber" value="201007282301" />
    <property name="ant.project.invoked-targets" value="test" />
    <property name="annotation.processing.run.all.processors" value="true" />
    <property name="manifest.file" value="manifest.mf" />
    <property name="mysqladmin" value="C:\xampp\mysql\bin\mysqladmin.exe" />
    <property name="libs.swing-app-framework.maven-pom" value="" />
    <property name="user.name" value="Fachrul Pralienka BM" />
    <property name="manifest.available+main.class+mkdist.available" value="true" />
    <property name="empty.dir" value="E:\6. Repository\auto-CI\build\empty" />
    <property name="sun.io.unicode.encoding" value="UnicodeLittle" />
    <property name="sql.pass" value="" />
    <property name="sun.jnu.encoding" value="Cp1252" />
    <property name="java.runtime.name" value="Java(TM) SE Runtime Environment" />
    <property name="jdk.home" value="C:\Program Files\Java\jdk1.7.0_51" />
    <property name="sun.awt.keepWorkingSetOnMinimize" value="true" />
    <property name="netbeans.autoupdate.version" value="1.23" />
    <property name="netbeans.dirs" value="C:\Program Files\NetBeans 6.9.1\nb;C:\Program Files\NetBeans 6.9.1\ergonomics;C:\Program Files\NetBeans 6.9.1\ide;C:\Program Files\NetBeans 6.9.1\java;C:\Program Files\NetBeans 6.9.1\xml;C:\Program Files\NetBeans 6.9.1\apisupport;C:\Program Files\NetBeans 6.9.1\webcommon;C:\Program Files\NetBeans 6.9.1\websvccommon;C:\Program Files\NetBeans 6.9.1\enterprise;C:\Program Files\NetBeans 6.9.1\mobility;C:\Program Files\NetBeans 6.9.1\profiler;C:\Program Files\NetBeans 6.9.1\ruby;C:\Program Files\NetBeans 6.9.1\python;C:\Program Files\NetBeans 6.9.1\php;C:\Program Files\NetBeans 6.9.1\visualweb;C:\Program Files\NetBeans 6.9.1\soa;C:\Program Files\NetBeans 6.9.1\identity;C:\Program Files\NetBeans 6.9.1\uml;C:\Program Files\NetBeans 6.9.1\harness;C:\Program Files\NetBeans 6.9.1\cnd;C:\Program Files\NetBeans 6.9.1\dlight;C:\Program Files\NetBeans 6.9.1\groovy;C:\Program Files\NetBeans 6.9.1\extra;C:\Program Files\NetBeans 6.9.1\javafx;C:\Program Files\NetBeans 6.9.1\javacard" />
    <property name="main.class.available" value="true" />
    <property name="java.specification.name" value="Java Platform API Specification" />
    <property name="javadoc.author" value="false" />
    <property name="libs.hibernate-support.javadoc" value="" />
    <property name="user.timezone" value="" />
    <property name="manifest.available" value="true" />
    <property name="libs.spring-framework.maven-pom" value="" />
    <property name="libs.swing-layout.maven-pom" value="" />
    <property name="libs.junit.javadoc" value="E:/6. Repository/auto-CI/lib/junit/junit-3.8.2-api.zip" />
    <property name="org.openide.specification.version" value="6.2" />
    <property name="user.script" value="" />
    <property name="path.separator" value=";" />
    <property name="version-output" value="java version &quot;1.6" />
    <property name="libs.ejb3-persistence.src" value="" />
    <property name="libs.absolutelayout.classpath" value="C:\Program Files\NetBeans 6.9.1\java\modules\ext\AbsoluteLayout.jar" />
    <property name="sql.user" value="root" />
    <property name="file.reference.junit-4.11.jar" value="lib\junit-4.11.jar" />
    <property name="libs.jaxb.maven-pom" value="" />
    <property name="netbeans.accept_license_class" value="org.netbeans.license.AcceptLicense" />
    <property name="file.encoding" value="Cp1252" />
    <property name="libs.eclipselink.src" value="" />
    <property name="dist.javadoc.dir" value="dist/javadoc" />
    <property name="ant.project.default-target" value="default" />
    <property name="libs.hibernate-persistence.javadoc" value="" />
    <property name="libs.ejb3-persistence.classpath" value="C:\Program Files\NetBeans 6.9.1\java\modules\ext\hibernate\ejb3-persistence.jar" />
    <property name="sun.java.command" value="org.apache.tools.ant.taskdefs.optional.junit.JUnitTestRunner medrecappz.Services.A_SpesialisServiceTest filtertrace=true haltOnError=false haltOnFailure=true formatter=org.apache.tools.ant.taskdefs.optional.junit.SummaryJUnitResultFormatter showoutput=true outputtoformatters=true logfailedtests=true logtestlistenerevents=true formatter=org.apache.tools.ant.taskdefs.optional.junit.BriefJUnitResultFormatter formatter=org.apache.tools.ant.taskdefs.optional.junit.XMLJUnitResultFormatter,E:\6. Repository\auto-CI\build\test\results\TEST-medrecappz.Services.A_SpesialisServiceTest.xml crashfile=E:\6. Repository\auto-CI\build\junitvmwatcher6292320156682944523.properties propsfile=E:\6. Repository\auto-CI\build\junit3032397088010653776.properties" />
    <property name="https.nonProxyHosts" value="localhost|127.0.0.1|beeboypralienka" />
    <property name="built-jar.properties" value="E:\6. Repository\auto-CI\build\built-jar.properties" />
    <property name="libs.junit.src" value="" />
    <property name="ant.file" value="E:\6. Repository\auto-CI\build.xml" />
    <property name="file.reference.fest-assert-1.2.jar" value="lib\fest-swing-1.2\fest-assert-1.2.jar" />
    <property name="libs.junit_4.src" value="E:/6. Repository/auto-CI/lib/junit_4/junit-4.5-src.jar" />
    <property name="netbeans.autoupdate.language" value="en" />
    <property name="java.io.tmpdir" value="C:\Users\FACHRU~1\AppData\Local\Temp\" />
    <property name="build.test.results.dir" value="build/test/results" />
    <property name="user.language" value="en" />
    <property name="libs.spring-framework300.src" value="" />
    <property name="line.separator" value="
" />
    <property name="apple.laf.useScreenMenuBar" value="true" />
    <property name="libs.absolutelayout.src" value="" />
    <property name="javac.compilerargs" value="" />
    <property name="libs.hibernate-support.maven-pom" value="" />
    <property name="jar.compress" value="false" />
    <property name="debug-transport-by-os" value="dt_shmem" />
    <property name="libs.JWSAntTasks.src" value="" />
    <property name="libs.JasperReports.classpath" value="C:\Users\Fachrul Pralienka BM\.netbeans\6.9\modules\ext\commons-collections-3.2.1.jar;C:\Users\Fachrul Pralienka BM\.netbeans\6.9\modules\ext\commons-digester-1.7.jar;C:\Users\Fachrul Pralienka BM\.netbeans\6.9\modules\ext\commons-logging-1.1.jar;C:\Users\Fachrul Pralienka BM\.netbeans\6.9\modules\ext\jakarta-bcel-20050813.jar;C:\Users\Fachrul Pralienka BM\.netbeans\6.9\modules\ext\jaxen-1.1.1.jar;C:\Users\Fachrul Pralienka BM\.netbeans\6.9\modules\ext\jcommon-1.0.15.jar;C:\Users\Fachrul Pralienka BM\.netbeans\6.9\modules\ext\jfreechart-1.0.12.jar;C:\Users\Fachrul Pralienka BM\.netbeans\6.9\modules\ext\jpa.jar;C:\Users\Fachrul Pralienka BM\.netbeans\6.9\modules\ext\png-encoder-1.5.jar;C:\Users\Fachrul Pralienka BM\.netbeans\6.9\libs\xalan.jar;C:\Users\Fachrul Pralienka BM\.netbeans\6.9\modules\ext\xml-apis.jar;C:\Users\Fachrul Pralienka BM\.netbeans\6.9\modules\ext\batik-anim.jar;C:\Users\Fachrul Pralienka BM\.netbeans\6.9\modules\ext\batik-awt-util.jar;C:\Users\Fachrul Pralienka BM\.netbeans\6.9\modules\ext\batik-bridge.jar;C:\Users\Fachrul Pralienka BM\.netbeans\6.9\modules\ext\batik-css.jar;C:\Users\Fachrul Pralienka BM\.netbeans\6.9\modules\ext\batik-dom.jar;C:\Users\Fachrul Pralienka BM\.netbeans\6.9\modules\ext\batik-ext.jar;C:\Users\Fachrul Pralienka BM\.netbeans\6.9\modules\ext\batik-gvt.jar;C:\Users\Fachrul Pralienka BM\.netbeans\6.9\modules\ext\batik-parser.jar;C:\Users\Fachrul Pralienka BM\.netbeans\6.9\modules\ext\batik-script.jar;C:\Users\Fachrul Pralienka BM\.netbeans\6.9\modules\ext\batik-svg-dom.jar;C:\Users\Fachrul Pralienka BM\.netbeans\6.9\modules\ext\batik-svggen.jar;C:\Users\Fachrul Pralienka BM\.netbeans\6.9\modules\ext\batik-util.jar;C:\Users\Fachrul Pralienka BM\.netbeans\6.9\modules\ext\batik-xml.jar;C:\Users\Fachrul Pralienka BM\.netbeans\6.9\modules\ext\rhino-1.7R1.jar;C:\Users\Fachrul Pralienka BM\.netbeans\6.9\modules\ext\xml-apis-ext.jar;C:\Users\Fachrul Pralienka BM\.netbeans\6.9\modules\ext\castor-1.2.jar;C:\Users\Fachrul Pralienka BM\.netbeans\6.9\modules\ext\barbecue-1.5-beta1.jar;C:\Users\Fachrul Pralienka BM\.netbeans\6.9\modules\ext\barcode4j-2.0.jar" />
    <property name="libs.hibernate-persistence.maven-pom" value="" />
    <property name="java.vm.info" value="mixed mode" />
    <property name="libs.javac-api.maven-pom" value="" />
    <property name="javadoc.private" value="false" />
    <property name="annotation.processing.processors.list" value="" />
    <property name="sun.desktop" value="windows" />
    <property name="java.vm.specification.name" value="Java Virtual Machine Specification" />
    <property name="build.test.classes.dir" value="build/test/classes" />
    <property name="libs.jaxb.src" value="" />
    <property name="file.reference.fest-swing-1.2.jar" value="lib\fest-swing-1.2\fest-swing-1.2.jar" />
    <property name="libs.MySQLDriver.javadoc" value="" />
    <property name="netbeans.dynamic.classpath" value="C:\Program Files\NetBeans 6.9.1\platform\core\core.jar;C:\Program Files\NetBeans 6.9.1\platform\core\org-openide-filesystems.jar;C:\Program Files\NetBeans 6.9.1\platform\core\locale\core_ja.jar;C:\Program Files\NetBeans 6.9.1\platform\core\locale\core_pt_BR.jar;C:\Program Files\NetBeans 6.9.1\platform\core\locale\core_zh_CN.jar;C:\Program Files\NetBeans 6.9.1\platform\core\locale\org-openide-filesystems_ja.jar;C:\Program Files\NetBeans 6.9.1\platform\core\locale\org-openide-filesystems_pt_BR.jar;C:\Program Files\NetBeans 6.9.1\platform\core\locale\org-openide-filesystems_zh_CN.jar;C:\Program Files\NetBeans 6.9.1\nb\core\org-netbeans-upgrader.jar;C:\Program Files\NetBeans 6.9.1\nb\core\locale\core_nb.jar;C:\Program Files\NetBeans 6.9.1\nb\core\locale\core_nb_ja.jar;C:\Program Files\NetBeans 6.9.1\nb\core\locale\core_nb_pt_BR.jar;C:\Program Files\NetBeans 6.9.1\nb\core\locale\core_nb_zh_CN.jar;C:\Program Files\NetBeans 6.9.1\nb\core\locale\org-netbeans-upgrader_ja.jar;C:\Program Files\NetBeans 6.9.1\nb\core\locale\org-netbeans-upgrader_pt_BR.jar;C:\Program Files\NetBeans 6.9.1\nb\core\locale\org-netbeans-upgrader_zh_CN.jar" />
    <property name="manifest.available+main.class" value="true" />
    <property name="libs.beans-binding.javadoc" value="C:\Program Files\NetBeans 6.9.1\java\docs\beansbinding-1.2.1-doc.zip" />
    <property name="file.reference.fest-util-1.1.2.jar" value="lib\fest-swing-1.2\fest-util-1.1.2.jar" />
    <property name="platform.active" value="default_platform" />
    <property name="ap.cmd.line.internal" value="" />
    <property name="libs.spring-framework300.classpath" value="C:\Users\Fachrul Pralienka BM\.netbeans\6.9\modules\ext\commons-logging-1.1.jar;C:\Program Files\NetBeans 6.9.1\java\modules\ext\cglib-2.2.jar;C:\Program Files\NetBeans 6.9.1\java\modules\ext\spring-3.0\spring-aop-3.0.2.RELEASE.jar;C:\Program Files\NetBeans 6.9.1\java\modules\ext\spring-3.0\spring-asm-3.0.2.RELEASE.jar;C:\Program Files\NetBeans 6.9.1\java\modules\ext\spring-3.0\spring-aspects-3.0.2.RELEASE.jar;C:\Program Files\NetBeans 6.9.1\java\modules\ext\spring-3.0\spring-beans-3.0.2.RELEASE.jar;C:\Program Files\NetBeans 6.9.1\java\modules\ext\spring-3.0\spring-context-3.0.2.RELEASE.jar;C:\Program Files\NetBeans 6.9.1\java\modules\ext\spring-3.0\spring-context-support-3.0.2.RELEASE.jar;C:\Program Files\NetBeans 6.9.1\java\modules\ext\spring-3.0\spring-core-3.0.2.RELEASE.jar;C:\Program Files\NetBeans 6.9.1\java\modules\ext\spring-3.0\spring-expression-3.0.2.RELEASE.jar;C:\Program Files\NetBeans 6.9.1\java\modules\ext\spring-3.0\spring-instrument-3.0.2.RELEASE.jar;C:\Program Files\NetBeans 6.9.1\java\modules\ext\spring-3.0\spring-instrument-tomcat-3.0.2.RELEASE.jar;C:\Program Files\NetBeans 6.9.1\java\modules\ext\spring-3.0\spring-jdbc-3.0.2.RELEASE.jar;C:\Program Files\NetBeans 6.9.1\java\modules\ext\spring-3.0\spring-jms-3.0.2.RELEASE.jar;C:\Program Files\NetBeans 6.9.1\java\modules\ext\spring-3.0\spring-orm-3.0.2.RELEASE.jar;C:\Program Files\NetBeans 6.9.1\java\modules\ext\spring-3.0\spring-oxm-3.0.2.RELEASE.jar;C:\Program Files\NetBeans 6.9.1\java\modules\ext\spring-3.0\spring-test-3.0.2.RELEASE.jar;C:\Program Files\NetBeans 6.9.1\java\modules\ext\spring-3.0\spring-tx-3.0.2.RELEASE.jar;C:\Program Files\NetBeans 6.9.1\java\modules\ext\spring-3.0\spring-web-3.0.2.RELEASE.jar;C:\Program Files\NetBeans 6.9.1\java\modules\ext\spring-3.0\spring-webmvc-portlet-3.0.2.RELEASE.jar;C:\Program Files\NetBeans 6.9.1\java\modules\ext\spring-3.0\spring-webmvc-3.0.2.RELEASE.jar;C:\Program Files\NetBeans 6.9.1\java\modules\ext\spring-3.0\spring-struts-3.0.2.RELEASE.jar" />
    <property name="http.nonProxyHosts" value="localhost|127.0.0.1|beeboypralienka" />
    <property name="libs.junit_4.javadoc" value="E:/6. Repository/auto-CI/lib/junit_4/junit-4.5-api.zip" />
    <property name="jna.boot.library.path" value="C:\Users\Fachrul Pralienka BM\.netbeans\6.9\var\cache\jna" />
    <property name="libs.spring-framework.src" value="" />
    <property name="netbeans.autoupdate.country" value="US" />
    <property name="libs.beans-binding.maven-pom" value="" />
    <property name="do.mkdist" value="true" />
    <property name="javadoc.encoding" value="UTF-8" />
    <property name="java.awt.printerjob" value="sun.awt.windows.WPrinterJob" />
    <property name="do.archive" value="true" />
    <property name="dist.jar" value="dist/MedRecAppZ.jar" />
    <property name="meta.inf.dir" value="src/META-INF" />
    <property name="ant.version" value="Apache Ant version 1.8.1 compiled on April 30 2010" />
    <property name="netbeans.home" value="C:\Program Files\NetBeans 6.9.1\platform" />
    <property name="javadoc.nonavbar" value="false" />
    <property name="user.properties.file" value="C:\Users\Fachrul Pralienka BM\.netbeans\6.9\build.properties" />
    <property name="libs.toplink.classpath" value="C:\Program Files\NetBeans 6.9.1\java\modules\ext\toplink\toplink-essentials.jar;C:\Program Files\NetBeans 6.9.1\java\modules\ext\toplink\toplink-essentials-agent.jar" />
    <property name="libs.JWSAntTasks.classpath" value="C:\Program Files\NetBeans 6.9.1\java\ant\extra\org-netbeans-modules-javawebstart-anttasks.jar" />
    <property name="netbeans.importclass" value="org.netbeans.upgrade.AutoUpgrade" />
    <property name="libs.spring-framework.javadoc" value="" />
    <property name="libs.CopyLibs.maven-pom" value="" />
    <property name="annotation.processing.source.output" value="build/generated-sources/ap-source-output" />
    <property name="build.generated.dir" value="build/generated" />
    <property name="sql.driver" value="com.mysql.jdbc.Driver" />
    <property name="useJavaUtilZip" value="true" />
    <property name="netbeans.home+have.tests" value="true" />
    <property name="libs.eclipselink.maven-pom" value="" />
    <property name="apple.awt.graphics.UseQuartz" value="true" />
    <property name="os.name" value="Windows 8" />
    <property name="java.specification.vendor" value="Oracle Corporation" />
    <property name="run.test.classpath" value="E:/6. Repository/auto-CI/lib/MySQLDriver/mysql-connector-java-5.1.6-bin.jar:build/classes:lib\junit-4.11.jar:E:/6. Repository/auto-CI/lib/junit_4/junit-4.5.jar:lib\fest-swing-1.2\fest-assert-1.2.jar:lib\fest-swing-1.2\fest-reflect-1.2.jar:lib\fest-swing-1.2\fest-swing-1.2.jar:lib\fest-swing-1.2\fest-util-1.1.2.jar:build/test/classes" />
    <property name="ant.file.type.MedRecAppZ" value="file" />
    <property name="libs.CopyLibs.src" value="" />
    <property name="java.vm.name" value="Java HotSpot(TM) 64-Bit Server VM" />
    <property name="org.openide.version" value="deprecated" />
    <property name="sun.awt.enableExtraMouseButtons" value="true" />
    <property name="libs.beans-binding.src" value="" />
    <property name="libs.junit.classpath" value="E:/6. Repository/auto-CI/lib/junit/junit-3.8.2.jar" />
    <property name="java.library.path" value="C:\Program Files\Java\jdk1.7.0_51\jre\bin;C:\Windows\Sun\Java\bin;C:\Windows\system32;C:\Windows;C:\Program Files (x86)\Common Files\Intel\Shared Files\cpp\bin\Intel64;C:\Program Files (x86)\NVIDIA Corporation\PhysX\Common;C:\Windows\system32;C:\Windows;C:\Windows\System32\Wbem;C:\Windows\System32\WindowsPowerShell\v1.0\;C:\Program Files\TortoiseGit\bin;." />
    <property name="libs.toplink.javadoc" value="" />
    <property name="libs.PostgreSQLDriver.javadoc" value="" />
    <property name="do.archive+manifest.available+main.class+mkdist.available" value="true" />
    <property name="ant.java.version" value="1.6" />
    <property name="java.class.version" value="51.0" />
    <property name="javadoc.noindex" value="false" />
    <property name="basedir" value="E:\6. Repository\auto-CI" />
    <property name="sun.awt.exception.handler" value="org.netbeans.core.startup.TopLogging$AWTHandler" />
    <property name="javac.test.classpath" value="E:/6. Repository/auto-CI/lib/MySQLDriver/mysql-connector-java-5.1.6-bin.jar:build/classes:lib\junit-4.11.jar:E:/6. Repository/auto-CI/lib/junit_4/junit-4.5.jar:lib\fest-swing-1.2\fest-assert-1.2.jar:lib\fest-swing-1.2\fest-reflect-1.2.jar:lib\fest-swing-1.2\fest-swing-1.2.jar:lib\fest-swing-1.2\fest-util-1.1.2.jar" />
    <property name="javac.processorpath" value="E:/6. Repository/auto-CI/lib/MySQLDriver/mysql-connector-java-5.1.6-bin.jar" />
    <property name="ant.home" value="C:\Program Files\NetBeans 6.9.1\java\ant" />
    <property name="libs.hibernate-persistence.src" value="" />
    <property name="javadoc.splitindex" value="true" />
    <property name="libs.toplink.src" value="" />
    <property name="javac.test.processorpath" value="E:/6. Repository/auto-CI/lib/MySQLDriver/mysql-connector-java-5.1.6-bin.jar:build/classes:lib\junit-4.11.jar:E:/6. Repository/auto-CI/lib/junit_4/junit-4.5.jar:lib\fest-swing-1.2\fest-assert-1.2.jar:lib\fest-swing-1.2\fest-reflect-1.2.jar:lib\fest-swing-1.2\fest-swing-1.2.jar:lib\fest-swing-1.2\fest-util-1.1.2.jar" />
    <property name="libs.javac-api.javadoc" value="" />
    <property name="javadoc.preview" value="true" />
    <property name="libs.MySQLDriver.maven-pom" value="" />
    <property name="libs.CopyLibs.javadoc" value="" />
    <property name="libs.PostgreSQLDriver.classpath" value="C:\Program Files\NetBeans 6.9.1\ide\modules\ext\postgresql-8.3-603.jdbc3.jar" />
    <property name="libs.jaxws21.maven-pom" value="" />
    <property name="libs.junit_4.classpath" value="E:/6. Repository/auto-CI/lib/junit_4/junit-4.5.jar" />
    <property name="build.dir" value="build" />
    <property name="sun.boot.library.path" value="C:\Program Files\Java\jdk1.7.0_51\jre\bin" />
    <property name="sun.management.compiler" value="HotSpot 64-Bit Tiered Compilers" />
    <property name="libs.swing-app-framework.classpath" value="C:\Program Files\NetBeans 6.9.1\java\modules\ext\appframework-1.0.3.jar;C:\Program Files\NetBeans 6.9.1\java\modules\ext\swing-worker-1.1.jar" />
    <property name="libs.ejb3-persistence.javadoc" value="" />
    <property name="java.awt.graphicsenv" value="sun.awt.Win32GraphicsEnvironment" />
    <property name="user.variant" value="" />
    <property name="libraries.dir.nativedirsep" value="E:\6. Repository\auto-CI\lib" />
    <property name="javadoc.encoding.used" value="UTF-8" />
    <property name="javadoc.windowtitle" value="" />
    <property name="libs.hibernate-support.src" value="" />
    <property name="annotation.processing.enabled" value="true" />
    <property name="build.generated.sources.dir" value="build/generated-sources" />
    <property name="run.jvmargs" value="" />
    <property name="build.compiler.emacs" value="true" />
    <property name="ant.project.name" value="MedRecAppZ" />
    <property name="libs.swing-layout.classpath" value="C:\Program Files\NetBeans 6.9.1\platform\modules\ext\swing-layout-1.0.4.jar" />
    <property name="libs.spring-framework.classpath" value="C:\Users\Fachrul Pralienka BM\.netbeans\6.9\modules\ext\commons-logging-1.1.jar;C:\Program Files\NetBeans 6.9.1\java\modules\ext\cglib-2.2.jar;C:\Program Files\NetBeans 6.9.1\java\modules\ext\spring\spring-2.5.6.SEC01.jar" />
    <property name="java.vm.specification.version" value="1.7" />
    <property name="libs.jaxb.classpath" value="C:\Program Files\NetBeans 6.9.1\ide\modules\ext\jaxb\jaxb-impl.jar;C:\Program Files\NetBeans 6.9.1\ide\modules\ext\jaxb\jaxb-xjc.jar;C:\Program Files\NetBeans 6.9.1\ide\modules\ext\jaxb\jaxb1-impl.jar;C:\Program Files\NetBeans 6.9.1\ide\modules\ext\jaxb\activation.jar;C:\Program Files\NetBeans 6.9.1\ide\modules\ext\jaxb\api\jaxb-api.jar;C:\Program Files\NetBeans 6.9.1\ide\modules\ext\jaxb\api\jsr173_api.jar" />
    <property name="work.dir" value="E:\6. Repository\auto-CI" />
    <property name="awt.toolkit" value="sun.awt.windows.WToolkit" />
    <property name="javadoc.use" value="true" />
    <property name="sun.cpu.isalist" value="amd64" />
    <property name="java.ext.dirs" value="C:\Program Files\Java\jdk1.7.0_51\jre\lib\ext;C:\Windows\Sun\Java\lib\ext" />
    <property name="os.version" value="6.2" />
    <property name="excludes" value="" />
    <property name="user.home" value="C:\Users\Fachrul Pralienka BM" />
    <property name="org.xml.sax.driver" value="com.sun.org.apache.xerces.internal.jaxp.SAXParserImpl$JAXPSAXParser" />
    <property name="libraries.basename" value="nblibraries" />
    <property name="javax.xml.parsers.DocumentBuilderFactory" value="com.sun.org.apache.xerces.internal.jaxp.DocumentBuilderFactoryImpl" />
    <property name="java.vm.vendor" value="Oracle Corporation" />
    <property name="libs.absolutelayout.maven-pom" value="" />
    <property name="user.dir" value="E:\6. Repository\auto-CI" />
    <property name="debug-transport" value="dt_shmem" />
    <property name="libs.ejb3-persistence.maven-pom" value="" />
    <property name="application.args" value="" />
    <property name="sun.cpu.endian" value="little" />
    <property name="compile.on.save" value="true" />
    <property name="libs.hibernate-support.classpath" value="C:\Program Files\NetBeans 6.9.1\java\modules\ext\hibernate\antlr-2.7.6.jar;C:\Program Files\NetBeans 6.9.1\java\modules\ext\hibernate\asm.jar;C:\Program Files\NetBeans 6.9.1\java\modules\ext\hibernate\asm-attrs.jar;C:\Program Files\NetBeans 6.9.1\java\modules\ext\hibernate\cglib-2.1.3.jar;C:\Program Files\NetBeans 6.9.1\java\modules\ext\hibernate\commons-collections-2.1.1.jar;C:\Users\Fachrul Pralienka BM\.netbeans\6.9\modules\ext\commons-logging-1.1.jar;C:\Program Files\NetBeans 6.9.1\java\modules\ext\hibernate\dom4j-1.6.1.jar;C:\Program Files\NetBeans 6.9.1\java\modules\ext\hibernate\ehcache-1.2.3.jar;C:\Program Files\NetBeans 6.9.1\java\modules\ext\hibernate\jdbc2_0-stdext.jar;C:\Program Files\NetBeans 6.9.1\java\modules\ext\hibernate\jta.jar;C:\Program Files\NetBeans 6.9.1\java\modules\ext\hibernate\hibernate3.jar;C:\Program Files\NetBeans 6.9.1\java\modules\ext\hibernate\hibernate-tools.jar;C:\Program Files\NetBeans 6.9.1\java\modules\ext\hibernate\hibernate-annotations.jar;C:\Program Files\NetBeans 6.9.1\java\modules\ext\hibernate\hibernate-commons-annotations.jar;C:\Program Files\NetBeans 6.9.1\java\modules\ext\hibernate\hibernate-entitymanager.jar;C:\Program Files\NetBeans 6.9.1\java\modules\ext\hibernate\javassist.jar" />
    <property name="mysql.dbname" value="medrec" />
    <property name="endorsed.classpath.cmd.line.arg" value="-Xbootclasspath/p:&apos;E:\6. Repository\auto-CI\${endorsed.classpath}&apos;" />
    <property name="jar.index" value="false" />
    <property name="libs.spring-framework300.javadoc" value="" />
    <property name="javax.xml.datatype.DatatypeFactory" value="com.sun.org.apache.xerces.internal.jaxp.datatype.DatatypeFactoryImpl" />
    <property name="libraries.dir" value="E:/6. Repository/auto-CI/lib" />
    <property name="java.vm.version" value="24.51-b03" />
    <property name="libs.MySQLDriver.src" value="" />
    <property name="libs.hibernate-persistence.classpath" value="C:\Program Files\NetBeans 6.9.1\java\modules\ext\hibernate\antlr-2.7.6.jar;C:\Program Files\NetBeans 6.9.1\java\modules\ext\hibernate\asm.jar;C:\Program Files\NetBeans 6.9.1\java\modules\ext\hibernate\asm-attrs.jar;C:\Program Files\NetBeans 6.9.1\java\modules\ext\hibernate\cglib-2.1.3.jar;C:\Program Files\NetBeans 6.9.1\java\modules\ext\hibernate\commons-collections-2.1.1.jar;C:\Users\Fachrul Pralienka BM\.netbeans\6.9\modules\ext\commons-logging-1.1.jar;C:\Program Files\NetBeans 6.9.1\java\modules\ext\hibernate\dom4j-1.6.1.jar;C:\Program Files\NetBeans 6.9.1\java\modules\ext\hibernate\ehcache-1.2.3.jar;C:\Program Files\NetBeans 6.9.1\java\modules\ext\hibernate\jdbc2_0-stdext.jar;C:\Program Files\NetBeans 6.9.1\java\modules\ext\hibernate\jta.jar;C:\Program Files\NetBeans 6.9.1\java\modules\ext\hibernate\hibernate3.jar;C:\Program Files\NetBeans 6.9.1\java\modules\ext\hibernate\hibernate-tools.jar;C:\Program Files\NetBeans 6.9.1\java\modules\ext\hibernate\hibernate-annotations.jar;C:\Program Files\NetBeans 6.9.1\java\modules\ext\hibernate\hibernate-commons-annotations.jar;C:\Program Files\NetBeans 6.9.1\java\modules\ext\hibernate\hibernate-entitymanager.jar;C:\Program Files\NetBeans 6.9.1\java\modules\ext\hibernate\javassist.jar;C:\Program Files\NetBeans 6.9.1\java\modules\ext\hibernate\ejb3-persistence.jar" />
    <property name="java.class.path" value="E:\6. Repository\auto-CI\lib\MySQLDriver\mysql-connector-java-5.1.6-bin.jar;E:\6. Repository\auto-CI\build\classes;E:\6. Repository\auto-CI\lib\junit-4.11.jar;E:\6. Repository\auto-CI\lib\junit_4\junit-4.5.jar;E:\6. Repository\auto-CI\lib\fest-swing-1.2\fest-assert-1.2.jar;E:\6. Repository\auto-CI\lib\fest-swing-1.2\fest-reflect-1.2.jar;E:\6. Repository\auto-CI\lib\fest-swing-1.2\fest-swing-1.2.jar;E:\6. Repository\auto-CI\lib\fest-swing-1.2\fest-util-1.1.2.jar;E:\6. Repository\auto-CI\build\test\classes;C:\Program Files\NetBeans 6.9.1\java\ant\lib\ant-launcher.jar;C:\Program Files\NetBeans 6.9.1\java\ant\lib\ant.jar;C:\Program Files\NetBeans 6.9.1\java\ant\patches\72080.jar" />
    <property name="annotation.processing.processor.options" value="" />
    <property name="javax.xml.parsers.SAXParserFactory" value="com.sun.org.apache.xerces.internal.jaxp.SAXParserFactoryImpl" />
    <property name="jdbc.jar" value="lib\MySQLDriver\mysql-connector-java-5.1.6-bin.jar" />
    <property name="os.arch" value="amd64" />
    <property name="javac.deprecation" value="false" />
    <property name="build.classes.excludes" value="**/*.java,**/*.form" />
    <property name="dist.dir" value="dist" />
    <property name="netbeans.user" value="C:\Users\Fachrul Pralienka BM\.netbeans\6.9" />
    <property name="debug.classpath" value="E:/6. Repository/auto-CI/lib/MySQLDriver/mysql-connector-java-5.1.6-bin.jar:build/classes" />
    <property name="sun.java.launcher" value="SUN_STANDARD" />
    <property name="libs.JasperReports.src" value="" />
    <property name="annotation.processing.enabled.in.editor" value="false" />
    <property name="ant.core.lib" value="C:\Program Files\NetBeans 6.9.1\java\ant\lib\ant.jar" />
    <property name="java.vm.specification.vendor" value="Oracle Corporation" />
    <property name="do.depend" value="false" />
    <property name="libs.JasperReports.maven-pom" value="" />
    <property name="file.separator" value="\" />
    <property name="java.runtime.version" value="1.7.0_51-b13" />
    <property name="sun.boot.class.path" value="E:\6. Repository\auto-CI\${endorsed.classpath};C:\Program Files\Java\jdk1.7.0_51\jre\lib\resources.jar;C:\Program Files\Java\jdk1.7.0_51\jre\lib\rt.jar;C:\Program Files\Java\jdk1.7.0_51\jre\lib\sunrsasign.jar;C:\Program Files\Java\jdk1.7.0_51\jre\lib\jsse.jar;C:\Program Files\Java\jdk1.7.0_51\jre\lib\jce.jar;C:\Program Files\Java\jdk1.7.0_51\jre\lib\charsets.jar;C:\Program Files\Java\jdk1.7.0_51\jre\lib\jfr.jar;C:\Program Files\Java\jdk1.7.0_51\jre\classes" />
    <property name="debug.test.classpath" value="E:/6. Repository/auto-CI/lib/MySQLDriver/mysql-connector-java-5.1.6-bin.jar:build/classes:lib\junit-4.11.jar:E:/6. Repository/auto-CI/lib/junit_4/junit-4.5.jar:lib\fest-swing-1.2\fest-assert-1.2.jar:lib\fest-swing-1.2\fest-reflect-1.2.jar:lib\fest-swing-1.2\fest-swing-1.2.jar:lib\fest-swing-1.2\fest-util-1.1.2.jar:build/test/classes" />
    <property name="libs.beans-binding.classpath" value="C:\Program Files\NetBeans 6.9.1\java\modules\ext\beansbinding-1.2.1.jar" />
    <property name="have.tests" value="true" />
    <property name="main.class" value="medrecappz.Main" />
    <property name="sql.url" value="jdbc:mysql://localhost:3306/medrec" />
    <property name="libs.JWSAntTasks.maven-pom" value="" />
    <property name="java.util.logging.config.class" value="org.netbeans.core.startup.TopLogging" />
    <property name="libs.javac-api.classpath" value="C:\Program Files\NetBeans 6.9.1\java\modules\ext\javac-api-nb-7.0-b07.jar" />
    <property name="user.country" value="US" />
    <property name="javadoc.notree" value="false" />
    <property name="file.reference.fest-reflect-1.2.jar" value="lib\fest-swing-1.2\fest-reflect-1.2.jar" />
    <property name="ant.file.type.MedRecApp-impl" value="file" />
    <property name="libs.spring-framework300.maven-pom" value="" />
    <property name="libs.jaxws21.javadoc" value="C:\Program Files\NetBeans 6.9.1\java\docs\jaxws-api-doc.zip" />
    <property name="javadoc.additionalparam" value="" />
    <property name="default.javac.target" value="1.7" />
    <property name="javac.classpath" value="E:/6. Repository/auto-CI/lib/MySQLDriver/mysql-connector-java-5.1.6-bin.jar" />
    <property name="build.classes.dir" value="build/classes" />
    <property name="do.archive+manifest.available" value="true" />
    <property name="libs.swing-layout.javadoc" value="C:\Program Files\NetBeans 6.9.1\platform\docs\swing-layout-1.0.4-doc.zip" />
    <property name="libs.swing-layout.src" value="C:\Program Files\NetBeans 6.9.1\platform\docs\swing-layout-1.0.4-src.zip" />
    <property name="java.vendor" value="Oracle Corporation" />
    <property name="javac.target" value="1.5" />
    <property name="libs.eclipselink.classpath" value="C:\Program Files\NetBeans 6.9.1\java\modules\ext\eclipselink\eclipselink-2.0.2.jar;C:\Program Files\NetBeans 6.9.1\java\modules\ext\eclipselink\eclipselink-javax.persistence-2.0.jar" />
    <property name="runtime.encoding" value="UTF-8" />
    <property name="libs.swing-app-framework.src" value="" />
    <property name="java.specification.version" value="1.7" />
    <property name="libs.JWSAntTasks.javadoc" value="" />
    <property name="sun.arch.data.model" value="64" />
  </properties>
  <testcase classname="medrecappz.Services.A_SpesialisServiceTest" name="a_insertSpesialisNormal" time="0.277" />
  <testcase classname="medrecappz.Services.A_SpesialisServiceTest" name="b_insertSpesialisKosong" time="0.002" />
  <testcase classname="medrecappz.Services.A_SpesialisServiceTest" name="c_insertSpesialisIdKosong" time="0.001" />
  <testcase classname="medrecappz.Services.A_SpesialisServiceTest" name="d_insertSpesialisNmKosong" time="0.001" />
  <testcase classname="medrecappz.Services.A_SpesialisServiceTest" name="e_insertSpesialisTarifKosong" time="0.008" />
  <testcase classname="medrecappz.Services.A_SpesialisServiceTest" name="f_insertSpesialisIdLebih" time="0.004" />
  <testcase classname="medrecappz.Services.A_SpesialisServiceTest" name="g_insertSpesialisNmLebih" time="0.001" />
  <testcase classname="medrecappz.Services.A_SpesialisServiceTest" name="h_insertSpesialisTarifLebih" time="0.001" />
  <testcase classname="medrecappz.Services.A_SpesialisServiceTest" name="i_insertSpesialisTarifKacau" time="0.001" />
  <testcase classname="medrecappz.Services.A_SpesialisServiceTest" name="j_insertSpesialisDuplikasi" time="0.002" />
  <testcase classname="medrecappz.Services.A_SpesialisServiceTest" name="k_updateSpesialisNormal" time="0.036" />
  <testcase classname="medrecappz.Services.A_SpesialisServiceTest" name="l_updateSpesialisKosong" time="0.001" />
  <testcase classname="medrecappz.Services.A_SpesialisServiceTest" name="m_deleteSpesialisNormal" time="0.037" />
  <testcase classname="medrecappz.Services.A_SpesialisServiceTest" name="n_getAllSpesialisNormal" time="0.001" />
  <system-out><![CDATA[1. Insert Spesialis Normal
2. Insert Spesialis Kosong
3. Insert Spesialis Id Kosong
4. Insert Spesialis Nama Kosong
5. Insert Spesialis Tarif Kosong
6. Insert Spesialis Id Lebih
7. Insert Spesialis Nama Lebih
8. Insert Spesialis Tarif Lebih
9. Insert Spesialis Tarif Kacau
10. Insert Spesialis Duplikasi
11. Update Spesialis Normal
12. Update Spesialis Kosong
13. Delete Spesialis Normal
14. Get All Spesialis Normal
]]></system-out>
  <system-err><![CDATA[]]></system-err>
</testsuite>
